<?xml version="1.0" encoding="UTF-8"?>
<!-- Generated by org.testng.reporters.JUnitReportReporter -->
<testsuite hostname="salman-PC" name="Testcase.Gcrit" tests="1" failures="0" timestamp="24 Feb 2020 07:46:04 GMT" time="3.155" errors="0">
  <testcase name="launchapplication" time="3.155" classname="Testcase.Gcrit"/>
</testsuite> <!-- Testcase.Gcrit -->
